<?xml version="1.0" encoding="UTF-8"?>
<!-- Generated by org.testng.reporters.JUnitReportReporter -->
<testsuite hostname="PNF1-ENT-C-120" failures="0" tests="1" name="selenium.AlertHandle" time="21.860" errors="0" timestamp="2021-06-17T20:18:03 IST" skipped="0">
  <testcase classname="selenium.AlertHandle" name="alertWindow" time="21.860"/>
  <system-out/>
</testsuite> <!-- selenium.AlertHandle -->
